{"/home/liz/RocketSeat/GoBarber/frontend/src/components/Button/index.tsx": {"path":"/home/liz/RocketSeat/GoBarber/frontend/src/components/Button/index.tsx","statementMap":{"0":{"start":{"line":8,"column":38},"end":{"line":14,"column":1}},"1":{"start":{"line":10,"column":4},"end":{"line":12,"column":16}}},"fnMap":{"0":{"name":"(anonymous_0)","decl":{"start":{"line":8,"column":38},"end":{"line":8,"column":39}},"loc":{"start":{"line":10,"column":4},"end":{"line":12,"column":16}},"line":10}},"branchMap":{"0":{"loc":{"start":{"line":11,"column":9},"end":{"line":11,"column":45}},"type":"cond-expr","locations":[{"start":{"line":11,"column":19},"end":{"line":11,"column":34}},{"start":{"line":11,"column":37},"end":{"line":11,"column":45}}],"line":11}},"s":{"0":1,"1":0},"f":{"0":0},"b":{"0":[0,0]},"_coverageSchema":"43e27e138ebf9cfc5966b082cf9a028302ed4184","hash":"2eef385a69a30348957bb5c4ea44de01d00c921c"}
,"/home/liz/RocketSeat/GoBarber/frontend/src/components/Input/index.tsx": {"path":"/home/liz/RocketSeat/GoBarber/frontend/src/components/Input/index.tsx","statementMap":{"0":{"start":{"line":12,"column":36},"end":{"line":54,"column":1}},"1":{"start":{"line":13,"column":21},"end":{"line":13,"column":51}},"2":{"start":{"line":15,"column":38},"end":{"line":15,"column":53}},"3":{"start":{"line":16,"column":36},"end":{"line":16,"column":51}},"4":{"start":{"line":18,"column":62},"end":{"line":18,"column":76}},"5":{"start":{"line":20,"column":29},"end":{"line":22,"column":10}},"6":{"start":{"line":21,"column":8},"end":{"line":21,"column":27}},"7":{"start":{"line":24,"column":28},"end":{"line":28,"column":10}},"8":{"start":{"line":25,"column":8},"end":{"line":25,"column":28}},"9":{"start":{"line":27,"column":8},"end":{"line":27,"column":47}},"10":{"start":{"line":31,"column":4},"end":{"line":37,"column":35}},"11":{"start":{"line":32,"column":8},"end":{"line":36,"column":11}},"12":{"start":{"line":39,"column":4},"end":{"line":53,"column":5}}},"fnMap":{"0":{"name":"(anonymous_0)","decl":{"start":{"line":12,"column":36},"end":{"line":12,"column":37}},"loc":{"start":{"line":12,"column":71},"end":{"line":54,"column":1}},"line":12},"1":{"name":"(anonymous_1)","decl":{"start":{"line":20,"column":41},"end":{"line":20,"column":42}},"loc":{"start":{"line":20,"column":47},"end":{"line":22,"column":5}},"line":20},"2":{"name":"(anonymous_2)","decl":{"start":{"line":24,"column":40},"end":{"line":24,"column":41}},"loc":{"start":{"line":24,"column":46},"end":{"line":28,"column":5}},"line":24},"3":{"name":"(anonymous_3)","decl":{"start":{"line":31,"column":14},"end":{"line":31,"column":15}},"loc":{"start":{"line":31,"column":20},"end":{"line":37,"column":5}},"line":31}},"branchMap":{"0":{"loc":{"start":{"line":41,"column":13},"end":{"line":41,"column":39}},"type":"binary-expr","locations":[{"start":{"line":41,"column":13},"end":{"line":41,"column":17}},{"start":{"line":41,"column":21},"end":{"line":41,"column":39}}],"line":41},"1":{"loc":{"start":{"line":48,"column":13},"end":{"line":51,"column":24}},"type":"binary-expr","locations":[{"start":{"line":48,"column":13},"end":{"line":48,"column":18}},{"start":{"line":49,"column":16},"end":{"line":51,"column":24}}],"line":48}},"s":{"0":1,"1":0,"2":0,"3":0,"4":0,"5":0,"6":0,"7":0,"8":0,"9":0,"10":0,"11":0,"12":0},"f":{"0":0,"1":0,"2":0,"3":0},"b":{"0":[0,0],"1":[0,0]},"_coverageSchema":"43e27e138ebf9cfc5966b082cf9a028302ed4184","hash":"3be82ded3dcf9d903cfa42f5b2275925c5561ed3"}
,"/home/liz/RocketSeat/GoBarber/frontend/src/components/toastContainer/index.tsx": {"path":"/home/liz/RocketSeat/GoBarber/frontend/src/components/toastContainer/index.tsx","statementMap":{"0":{"start":{"line":12,"column":54},"end":{"line":37,"column":1}},"1":{"start":{"line":14,"column":36},"end":{"line":22,"column":5}},"2":{"start":{"line":16,"column":19},"end":{"line":16,"column":29}},"3":{"start":{"line":25,"column":4},"end":{"line":35,"column":5}},"4":{"start":{"line":30,"column":16},"end":{"line":31,"column":24}}},"fnMap":{"0":{"name":"(anonymous_0)","decl":{"start":{"line":12,"column":54},"end":{"line":12,"column":55}},"loc":{"start":{"line":12,"column":72},"end":{"line":37,"column":1}},"line":12},"1":{"name":"(anonymous_1)","decl":{"start":{"line":16,"column":8},"end":{"line":16,"column":9}},"loc":{"start":{"line":16,"column":19},"end":{"line":16,"column":29}},"line":16},"2":{"name":"(anonymous_2)","decl":{"start":{"line":28,"column":41},"end":{"line":28,"column":42}},"loc":{"start":{"line":30,"column":16},"end":{"line":31,"column":24}},"line":30}},"branchMap":{},"s":{"0":1,"1":0,"2":0,"3":0,"4":0},"f":{"0":0,"1":0,"2":0},"b":{},"_coverageSchema":"43e27e138ebf9cfc5966b082cf9a028302ed4184","hash":"811c640ff182746285bf798ecbbe8713710e174d"}
,"/home/liz/RocketSeat/GoBarber/frontend/src/components/toastContainer/Toast/index.tsx": {"path":"/home/liz/RocketSeat/GoBarber/frontend/src/components/toastContainer/Toast/index.tsx","statementMap":{"0":{"start":{"line":12,"column":14},"end":{"line":16,"column":1}},"1":{"start":{"line":18,"column":33},"end":{"line":50,"column":1}},"2":{"start":{"line":20,"column":28},"end":{"line":20,"column":38}},"3":{"start":{"line":22,"column":4},"end":{"line":30,"column":34}},"4":{"start":{"line":23,"column":22},"end":{"line":25,"column":16}},"5":{"start":{"line":24,"column":12},"end":{"line":24,"column":36}},"6":{"start":{"line":27,"column":8},"end":{"line":29,"column":9}},"7":{"start":{"line":28,"column":12},"end":{"line":28,"column":32}},"8":{"start":{"line":32,"column":4},"end":{"line":49,"column":5}},"9":{"start":{"line":45,"column":35},"end":{"line":45,"column":58}}},"fnMap":{"0":{"name":"(anonymous_0)","decl":{"start":{"line":18,"column":33},"end":{"line":18,"column":34}},"loc":{"start":{"line":18,"column":57},"end":{"line":50,"column":1}},"line":18},"1":{"name":"(anonymous_1)","decl":{"start":{"line":22,"column":14},"end":{"line":22,"column":15}},"loc":{"start":{"line":22,"column":20},"end":{"line":30,"column":5}},"line":22},"2":{"name":"(anonymous_2)","decl":{"start":{"line":23,"column":33},"end":{"line":23,"column":34}},"loc":{"start":{"line":23,"column":39},"end":{"line":25,"column":9}},"line":23},"3":{"name":"(anonymous_3)","decl":{"start":{"line":27,"column":15},"end":{"line":27,"column":16}},"loc":{"start":{"line":27,"column":21},"end":{"line":29,"column":9}},"line":27},"4":{"name":"(anonymous_4)","decl":{"start":{"line":45,"column":29},"end":{"line":45,"column":30}},"loc":{"start":{"line":45,"column":35},"end":{"line":45,"column":58}},"line":45}},"branchMap":{"0":{"loc":{"start":{"line":38,"column":19},"end":{"line":38,"column":41}},"type":"binary-expr","locations":[{"start":{"line":38,"column":19},"end":{"line":38,"column":31}},{"start":{"line":38,"column":35},"end":{"line":38,"column":41}}],"line":38},"1":{"loc":{"start":{"line":42,"column":17},"end":{"line":42,"column":68}},"type":"binary-expr","locations":[{"start":{"line":42,"column":17},"end":{"line":42,"column":36}},{"start":{"line":42,"column":40},"end":{"line":42,"column":68}}],"line":42}},"s":{"0":1,"1":1,"2":0,"3":0,"4":0,"5":0,"6":0,"7":0,"8":0,"9":0},"f":{"0":0,"1":0,"2":0,"3":0,"4":0},"b":{"0":[0,0],"1":[0,0]},"_coverageSchema":"43e27e138ebf9cfc5966b082cf9a028302ed4184","hash":"a00df923ef4a1ac8da22f57f3ee8f188df8573bc"}
,"/home/liz/RocketSeat/GoBarber/frontend/src/pages/Dashboard/index.tsx": {"path":"/home/liz/RocketSeat/GoBarber/frontend/src/pages/Dashboard/index.tsx","statementMap":{"0":{"start":{"line":44,"column":28},"end":{"line":279,"column":1}},"1":{"start":{"line":46,"column":44},"end":{"line":46,"column":64}},"2":{"start":{"line":47,"column":44},"end":{"line":47,"column":64}},"3":{"start":{"line":48,"column":54},"end":{"line":48,"column":91}},"4":{"start":{"line":49,"column":44},"end":{"line":49,"column":71}},"5":{"start":{"line":51,"column":30},"end":{"line":51,"column":39}},"6":{"start":{"line":53,"column":29},"end":{"line":59,"column":10}},"7":{"start":{"line":55,"column":8},"end":{"line":58,"column":9}},"8":{"start":{"line":56,"column":12},"end":{"line":56,"column":33}},"9":{"start":{"line":61,"column":30},"end":{"line":63,"column":10}},"10":{"start":{"line":62,"column":8},"end":{"line":62,"column":31}},"11":{"start":{"line":65,"column":4},"end":{"line":74,"column":32}},"12":{"start":{"line":66,"column":8},"end":{"line":73,"column":11}},"13":{"start":{"line":72,"column":12},"end":{"line":72,"column":43}},"14":{"start":{"line":76,"column":4},"end":{"line":97,"column":23}},"15":{"start":{"line":77,"column":8},"end":{"line":96,"column":10}},"16":{"start":{"line":86,"column":42},"end":{"line":92,"column":14}},"17":{"start":{"line":88,"column":16},"end":{"line":91,"column":17}},"18":{"start":{"line":93,"column":12},"end":{"line":93,"column":46}},"19":{"start":{"line":95,"column":12},"end":{"line":95,"column":51}},"20":{"start":{"line":99,"column":24},"end":{"line":111,"column":41}},"21":{"start":{"line":101,"column":22},"end":{"line":107,"column":14}},"22":{"start":{"line":102,"column":32},"end":{"line":102,"column":60}},"23":{"start":{"line":104,"column":29},"end":{"line":104,"column":55}},"24":{"start":{"line":105,"column":30},"end":{"line":105,"column":53}},"25":{"start":{"line":106,"column":16},"end":{"line":106,"column":58}},"26":{"start":{"line":109,"column":8},"end":{"line":109,"column":21}},"27":{"start":{"line":113,"column":30},"end":{"line":117,"column":22}},"28":{"start":{"line":114,"column":8},"end":{"line":116,"column":10}},"29":{"start":{"line":119,"column":28},"end":{"line":123,"column":22}},"30":{"start":{"line":120,"column":8},"end":{"line":122,"column":10}},"31":{"start":{"line":125,"column":32},"end":{"line":129,"column":22}},"32":{"start":{"line":126,"column":8},"end":{"line":128,"column":11}},"33":{"start":{"line":127,"column":12},"end":{"line":127,"column":62}},"34":{"start":{"line":131,"column":35},"end":{"line":135,"column":22}},"35":{"start":{"line":132,"column":8},"end":{"line":134,"column":11}},"36":{"start":{"line":133,"column":12},"end":{"line":133,"column":63}},"37":{"start":{"line":137,"column":28},"end":{"line":141,"column":22}},"38":{"start":{"line":138,"column":8},"end":{"line":140,"column":9}},"39":{"start":{"line":139,"column":12},"end":{"line":139,"column":59}},"40":{"start":{"line":144,"column":4},"end":{"line":278,"column":5}},"41":{"start":{"line":207,"column":28},"end":{"line":220,"column":42}},"42":{"start":{"line":233,"column":28},"end":{"line":244,"column":42}}},"fnMap":{"0":{"name":"(anonymous_0)","decl":{"start":{"line":44,"column":28},"end":{"line":44,"column":29}},"loc":{"start":{"line":44,"column":34},"end":{"line":279,"column":1}},"line":44},"1":{"name":"(anonymous_1)","decl":{"start":{"line":53,"column":41},"end":{"line":53,"column":42}},"loc":{"start":{"line":53,"column":81},"end":{"line":59,"column":5}},"line":53},"2":{"name":"(anonymous_2)","decl":{"start":{"line":61,"column":42},"end":{"line":61,"column":43}},"loc":{"start":{"line":61,"column":59},"end":{"line":63,"column":5}},"line":61},"3":{"name":"(anonymous_3)","decl":{"start":{"line":65,"column":14},"end":{"line":65,"column":15}},"loc":{"start":{"line":65,"column":20},"end":{"line":74,"column":5}},"line":65},"4":{"name":"(anonymous_4)","decl":{"start":{"line":71,"column":16},"end":{"line":71,"column":17}},"loc":{"start":{"line":71,"column":23},"end":{"line":73,"column":9}},"line":71},"5":{"name":"(anonymous_5)","decl":{"start":{"line":76,"column":14},"end":{"line":76,"column":15}},"loc":{"start":{"line":76,"column":20},"end":{"line":97,"column":5}},"line":76},"6":{"name":"(anonymous_6)","decl":{"start":{"line":84,"column":16},"end":{"line":84,"column":17}},"loc":{"start":{"line":84,"column":28},"end":{"line":96,"column":9}},"line":84},"7":{"name":"(anonymous_7)","decl":{"start":{"line":86,"column":60},"end":{"line":86,"column":61}},"loc":{"start":{"line":86,"column":75},"end":{"line":92,"column":13}},"line":86},"8":{"name":"(anonymous_8)","decl":{"start":{"line":99,"column":32},"end":{"line":99,"column":33}},"loc":{"start":{"line":99,"column":38},"end":{"line":111,"column":5}},"line":99},"9":{"name":"(anonymous_9)","decl":{"start":{"line":102,"column":20},"end":{"line":102,"column":21}},"loc":{"start":{"line":102,"column":32},"end":{"line":102,"column":60}},"line":102},"10":{"name":"(anonymous_10)","decl":{"start":{"line":103,"column":17},"end":{"line":103,"column":18}},"loc":{"start":{"line":103,"column":29},"end":{"line":107,"column":13}},"line":103},"11":{"name":"(anonymous_11)","decl":{"start":{"line":113,"column":38},"end":{"line":113,"column":39}},"loc":{"start":{"line":113,"column":44},"end":{"line":117,"column":5}},"line":113},"12":{"name":"(anonymous_12)","decl":{"start":{"line":119,"column":36},"end":{"line":119,"column":37}},"loc":{"start":{"line":119,"column":42},"end":{"line":123,"column":5}},"line":119},"13":{"name":"(anonymous_13)","decl":{"start":{"line":125,"column":40},"end":{"line":125,"column":41}},"loc":{"start":{"line":125,"column":46},"end":{"line":129,"column":5}},"line":125},"14":{"name":"(anonymous_14)","decl":{"start":{"line":126,"column":35},"end":{"line":126,"column":36}},"loc":{"start":{"line":126,"column":50},"end":{"line":128,"column":9}},"line":126},"15":{"name":"(anonymous_15)","decl":{"start":{"line":131,"column":43},"end":{"line":131,"column":44}},"loc":{"start":{"line":131,"column":49},"end":{"line":135,"column":5}},"line":131},"16":{"name":"(anonymous_16)","decl":{"start":{"line":132,"column":35},"end":{"line":132,"column":36}},"loc":{"start":{"line":132,"column":50},"end":{"line":134,"column":9}},"line":132},"17":{"name":"(anonymous_17)","decl":{"start":{"line":137,"column":36},"end":{"line":137,"column":37}},"loc":{"start":{"line":137,"column":42},"end":{"line":141,"column":5}},"line":137},"18":{"name":"(anonymous_18)","decl":{"start":{"line":138,"column":33},"end":{"line":138,"column":34}},"loc":{"start":{"line":139,"column":12},"end":{"line":139,"column":59}},"line":139},"19":{"name":"(anonymous_19)","decl":{"start":{"line":205,"column":49},"end":{"line":205,"column":50}},"loc":{"start":{"line":207,"column":28},"end":{"line":220,"column":42}},"line":207},"20":{"name":"(anonymous_20)","decl":{"start":{"line":231,"column":52},"end":{"line":231,"column":53}},"loc":{"start":{"line":233,"column":28},"end":{"line":244,"column":42}},"line":233}},"branchMap":{"0":{"loc":{"start":{"line":55,"column":8},"end":{"line":58,"column":9}},"type":"if","locations":[{"start":{"line":55,"column":8},"end":{"line":58,"column":9}},{"start":{"line":55,"column":8},"end":{"line":58,"column":9}}],"line":55},"1":{"loc":{"start":{"line":55,"column":12},"end":{"line":55,"column":54}},"type":"binary-expr","locations":[{"start":{"line":55,"column":12},"end":{"line":55,"column":31}},{"start":{"line":55,"column":35},"end":{"line":55,"column":54}}],"line":55},"2":{"loc":{"start":{"line":172,"column":25},"end":{"line":172,"column":68}},"type":"binary-expr","locations":[{"start":{"line":172,"column":25},"end":{"line":172,"column":46}},{"start":{"line":172,"column":50},"end":{"line":172,"column":68}}],"line":172},"3":{"loc":{"start":{"line":177,"column":21},"end":{"line":196,"column":21}},"type":"binary-expr","locations":[{"start":{"line":177,"column":21},"end":{"line":177,"column":42}},{"start":{"line":177,"column":46},"end":{"line":177,"column":61}},{"start":{"line":179,"column":24},"end":{"line":194,"column":42}}],"line":177},"4":{"loc":{"start":{"line":201,"column":25},"end":{"line":203,"column":25}},"type":"binary-expr","locations":[{"start":{"line":201,"column":25},"end":{"line":201,"column":57}},{"start":{"line":202,"column":28},"end":{"line":202,"column":71}}],"line":201},"5":{"loc":{"start":{"line":227,"column":25},"end":{"line":229,"column":25}},"type":"binary-expr","locations":[{"start":{"line":227,"column":25},"end":{"line":227,"column":60}},{"start":{"line":228,"column":28},"end":{"line":228,"column":71}}],"line":227}},"s":{"0":0,"1":0,"2":0,"3":0,"4":0,"5":0,"6":0,"7":0,"8":0,"9":0,"10":0,"11":0,"12":0,"13":0,"14":0,"15":0,"16":0,"17":0,"18":0,"19":0,"20":0,"21":0,"22":0,"23":0,"24":0,"25":0,"26":0,"27":0,"28":0,"29":0,"30":0,"31":0,"32":0,"33":0,"34":0,"35":0,"36":0,"37":0,"38":0,"39":0,"40":0,"41":0,"42":0},"f":{"0":0,"1":0,"2":0,"3":0,"4":0,"5":0,"6":0,"7":0,"8":0,"9":0,"10":0,"11":0,"12":0,"13":0,"14":0,"15":0,"16":0,"17":0,"18":0,"19":0,"20":0},"b":{"0":[0,0],"1":[0,0],"2":[0,0],"3":[0,0,0],"4":[0,0],"5":[0,0]},"hash":"e34174efc9a078a87b8b5bde6ef853eeeea37a15"}
,"/home/liz/RocketSeat/GoBarber/frontend/src/pages/ForgotPassword/index.tsx": {"path":"/home/liz/RocketSeat/GoBarber/frontend/src/pages/ForgotPassword/index.tsx","statementMap":{"0":{"start":{"line":27,"column":20},"end":{"line":27,"column":45}},"1":{"start":{"line":29,"column":34},"end":{"line":29,"column":49}},"2":{"start":{"line":31,"column":25},"end":{"line":31,"column":35}},"3":{"start":{"line":35,"column":25},"end":{"line":86,"column":18}},"4":{"start":{"line":36,"column":8},"end":{"line":84,"column":9}},"5":{"start":{"line":38,"column":12},"end":{"line":38,"column":29}},"6":{"start":{"line":39,"column":12},"end":{"line":39,"column":43}},"7":{"start":{"line":42,"column":27},"end":{"line":44,"column":14}},"8":{"start":{"line":46,"column":12},"end":{"line":48,"column":15}},"9":{"start":{"line":51,"column":12},"end":{"line":53,"column":15}},"10":{"start":{"line":55,"column":12},"end":{"line":59,"column":15}},"11":{"start":{"line":65,"column":12},"end":{"line":73,"column":13}},"12":{"start":{"line":67,"column":28},"end":{"line":67,"column":54}},"13":{"start":{"line":69,"column":16},"end":{"line":69,"column":35}},"14":{"start":{"line":70,"column":16},"end":{"line":70,"column":48}},"15":{"start":{"line":72,"column":16},"end":{"line":72,"column":23}},"16":{"start":{"line":76,"column":12},"end":{"line":80,"column":15}},"17":{"start":{"line":83,"column":12},"end":{"line":83,"column":30}},"18":{"start":{"line":88,"column":4},"end":{"line":118,"column":5}}},"fnMap":{"0":{"name":"ForgotPassword","decl":{"start":{"line":25,"column":9},"end":{"line":25,"column":23}},"loc":{"start":{"line":25,"column":26},"end":{"line":119,"column":1}},"line":25},"1":{"name":"(anonymous_1)","decl":{"start":{"line":35,"column":37},"end":{"line":35,"column":38}},"loc":{"start":{"line":35,"column":73},"end":{"line":86,"column":5}},"line":35}},"branchMap":{"0":{"loc":{"start":{"line":65,"column":12},"end":{"line":73,"column":13}},"type":"if","locations":[{"start":{"line":65,"column":12},"end":{"line":73,"column":13}},{"start":{"line":65,"column":12},"end":{"line":73,"column":13}}],"line":65}},"s":{"0":0,"1":0,"2":0,"3":0,"4":0,"5":0,"6":0,"7":0,"8":0,"9":0,"10":0,"11":0,"12":0,"13":0,"14":0,"15":0,"16":0,"17":0,"18":0},"f":{"0":0,"1":0},"b":{"0":[0,0]},"hash":"bc50eab724f3a9dae8eedd97198ac09acf22820e"}
,"/home/liz/RocketSeat/GoBarber/frontend/src/pages/Profile/index.tsx": {"path":"/home/liz/RocketSeat/GoBarber/frontend/src/pages/Profile/index.tsx","statementMap":{"0":{"start":{"line":30,"column":33},"end":{"line":30,"column":42}},"1":{"start":{"line":31,"column":20},"end":{"line":31,"column":45}},"2":{"start":{"line":33,"column":25},"end":{"line":33,"column":35}},"3":{"start":{"line":35,"column":20},"end":{"line":35,"column":32}},"4":{"start":{"line":37,"column":25},"end":{"line":110,"column":27}},"5":{"start":{"line":38,"column":8},"end":{"line":108,"column":9}},"6":{"start":{"line":39,"column":12},"end":{"line":39,"column":43}},"7":{"start":{"line":42,"column":27},"end":{"line":59,"column":14}},"8":{"start":{"line":47,"column":31},"end":{"line":47,"column":43}},"9":{"start":{"line":52,"column":31},"end":{"line":52,"column":43}},"10":{"start":{"line":61,"column":12},"end":{"line":63,"column":15}},"11":{"start":{"line":65,"column":83},"end":{"line":65,"column":87}},"12":{"start":{"line":67,"column":29},"end":{"line":75,"column":20}},"13":{"start":{"line":77,"column":29},"end":{"line":77,"column":64}},"14":{"start":{"line":80,"column":12},"end":{"line":80,"column":38}},"15":{"start":{"line":82,"column":12},"end":{"line":86,"column":15}},"16":{"start":{"line":88,"column":12},"end":{"line":88,"column":39}},"17":{"start":{"line":92,"column":12},"end":{"line":100,"column":13}},"18":{"start":{"line":94,"column":28},"end":{"line":94,"column":54}},"19":{"start":{"line":96,"column":16},"end":{"line":96,"column":35}},"20":{"start":{"line":97,"column":16},"end":{"line":97,"column":48}},"21":{"start":{"line":99,"column":16},"end":{"line":99,"column":23}},"22":{"start":{"line":103,"column":12},"end":{"line":107,"column":15}},"23":{"start":{"line":112,"column":31},"end":{"line":130,"column":30}},"24":{"start":{"line":113,"column":8},"end":{"line":129,"column":9}},"25":{"start":{"line":115,"column":25},"end":{"line":115,"column":39}},"26":{"start":{"line":117,"column":12},"end":{"line":117,"column":53}},"27":{"start":{"line":119,"column":12},"end":{"line":127,"column":15}},"28":{"start":{"line":121,"column":16},"end":{"line":121,"column":42}},"29":{"start":{"line":123,"column":16},"end":{"line":126,"column":18}},"30":{"start":{"line":132,"column":4},"end":{"line":197,"column":5}}},"fnMap":{"0":{"name":"Profile","decl":{"start":{"line":28,"column":9},"end":{"line":28,"column":16}},"loc":{"start":{"line":28,"column":19},"end":{"line":198,"column":1}},"line":28},"1":{"name":"(anonymous_1)","decl":{"start":{"line":37,"column":37},"end":{"line":37,"column":38}},"loc":{"start":{"line":37,"column":66},"end":{"line":110,"column":5}},"line":37},"2":{"name":"(anonymous_2)","decl":{"start":{"line":47,"column":24},"end":{"line":47,"column":25}},"loc":{"start":{"line":47,"column":31},"end":{"line":47,"column":43}},"line":47},"3":{"name":"(anonymous_3)","decl":{"start":{"line":52,"column":24},"end":{"line":52,"column":25}},"loc":{"start":{"line":52,"column":31},"end":{"line":52,"column":43}},"line":52},"4":{"name":"(anonymous_4)","decl":{"start":{"line":112,"column":43},"end":{"line":112,"column":44}},"loc":{"start":{"line":112,"column":87},"end":{"line":130,"column":5}},"line":112},"5":{"name":"(anonymous_5)","decl":{"start":{"line":119,"column":56},"end":{"line":119,"column":57}},"loc":{"start":{"line":119,"column":70},"end":{"line":127,"column":13}},"line":119}},"branchMap":{"0":{"loc":{"start":{"line":70,"column":15},"end":{"line":75,"column":18}},"type":"cond-expr","locations":[{"start":{"line":70,"column":30},"end":{"line":75,"column":13}},{"start":{"line":75,"column":16},"end":{"line":75,"column":18}}],"line":70},"1":{"loc":{"start":{"line":92,"column":12},"end":{"line":100,"column":13}},"type":"if","locations":[{"start":{"line":92,"column":12},"end":{"line":100,"column":13}},{"start":{"line":92,"column":12},"end":{"line":100,"column":13}}],"line":92},"2":{"loc":{"start":{"line":113,"column":8},"end":{"line":129,"column":9}},"type":"if","locations":[{"start":{"line":113,"column":8},"end":{"line":129,"column":9}},{"start":{"line":113,"column":8},"end":{"line":129,"column":9}}],"line":113},"3":{"loc":{"start":{"line":152,"column":34},"end":{"line":152,"column":157}},"type":"binary-expr","locations":[{"start":{"line":152,"column":34},"end":{"line":152,"column":49}},{"start":{"line":152,"column":53},"end":{"line":152,"column":157}}],"line":152}},"s":{"0":0,"1":0,"2":0,"3":0,"4":0,"5":0,"6":0,"7":0,"8":0,"9":0,"10":0,"11":0,"12":0,"13":0,"14":0,"15":0,"16":0,"17":0,"18":0,"19":0,"20":0,"21":0,"22":0,"23":0,"24":0,"25":0,"26":0,"27":0,"28":0,"29":0,"30":0},"f":{"0":0,"1":0,"2":0,"3":0,"4":0,"5":0},"b":{"0":[0,0],"1":[0,0],"2":[0,0],"3":[0,0]},"hash":"35f6db75a175fa9dc8ce5ca729af4d6b3a9fe37d"}
,"/home/liz/RocketSeat/GoBarber/frontend/src/pages/ResetPassword/index.tsx": {"path":"/home/liz/RocketSeat/GoBarber/frontend/src/pages/ResetPassword/index.tsx","statementMap":{"0":{"start":{"line":26,"column":20},"end":{"line":26,"column":45}},"1":{"start":{"line":28,"column":25},"end":{"line":28,"column":35}},"2":{"start":{"line":29,"column":20},"end":{"line":29,"column":32}},"3":{"start":{"line":30,"column":21},"end":{"line":30,"column":34}},"4":{"start":{"line":32,"column":25},"end":{"line":98,"column":44}},"5":{"start":{"line":33,"column":8},"end":{"line":96,"column":9}},"6":{"start":{"line":34,"column":12},"end":{"line":34,"column":43}},"7":{"start":{"line":37,"column":27},"end":{"line":43,"column":14}},"8":{"start":{"line":45,"column":12},"end":{"line":47,"column":15}},"9":{"start":{"line":49,"column":56},"end":{"line":49,"column":60}},"10":{"start":{"line":50,"column":26},"end":{"line":50,"column":64}},"11":{"start":{"line":52,"column":12},"end":{"line":60,"column":13}},"12":{"start":{"line":53,"column":16},"end":{"line":57,"column":19}},"13":{"start":{"line":59,"column":16},"end":{"line":59,"column":23}},"14":{"start":{"line":62,"column":12},"end":{"line":67,"column":15}},"15":{"start":{"line":69,"column":12},"end":{"line":73,"column":15}},"16":{"start":{"line":75,"column":12},"end":{"line":75,"column":30}},"17":{"start":{"line":79,"column":12},"end":{"line":87,"column":13}},"18":{"start":{"line":81,"column":28},"end":{"line":81,"column":54}},"19":{"start":{"line":83,"column":16},"end":{"line":83,"column":35}},"20":{"start":{"line":84,"column":16},"end":{"line":84,"column":48}},"21":{"start":{"line":86,"column":16},"end":{"line":86,"column":23}},"22":{"start":{"line":90,"column":12},"end":{"line":94,"column":15}},"23":{"start":{"line":101,"column":4},"end":{"line":128,"column":5}}},"fnMap":{"0":{"name":"ResetPassword","decl":{"start":{"line":24,"column":9},"end":{"line":24,"column":22}},"loc":{"start":{"line":24,"column":25},"end":{"line":129,"column":1}},"line":24},"1":{"name":"(anonymous_1)","decl":{"start":{"line":32,"column":37},"end":{"line":32,"column":38}},"loc":{"start":{"line":32,"column":76},"end":{"line":98,"column":5}},"line":32}},"branchMap":{"0":{"loc":{"start":{"line":52,"column":12},"end":{"line":60,"column":13}},"type":"if","locations":[{"start":{"line":52,"column":12},"end":{"line":60,"column":13}},{"start":{"line":52,"column":12},"end":{"line":60,"column":13}}],"line":52},"1":{"loc":{"start":{"line":79,"column":12},"end":{"line":87,"column":13}},"type":"if","locations":[{"start":{"line":79,"column":12},"end":{"line":87,"column":13}},{"start":{"line":79,"column":12},"end":{"line":87,"column":13}}],"line":79}},"s":{"0":0,"1":0,"2":0,"3":0,"4":0,"5":0,"6":0,"7":0,"8":0,"9":0,"10":0,"11":0,"12":0,"13":0,"14":0,"15":0,"16":0,"17":0,"18":0,"19":0,"20":0,"21":0,"22":0,"23":0},"f":{"0":0,"1":0},"b":{"0":[0,0],"1":[0,0]},"hash":"3bcc5ff10e8c1a8385baa31bc00a1e920920c6c7"}
,"/home/liz/RocketSeat/GoBarber/frontend/src/pages/SingIn/index.tsx": {"path":"/home/liz/RocketSeat/GoBarber/frontend/src/pages/SingIn/index.tsx","statementMap":{"0":{"start":{"line":26,"column":20},"end":{"line":26,"column":45}},"1":{"start":{"line":28,"column":23},"end":{"line":28,"column":32}},"2":{"start":{"line":29,"column":25},"end":{"line":29,"column":35}},"3":{"start":{"line":30,"column":20},"end":{"line":30,"column":32}},"4":{"start":{"line":33,"column":25},"end":{"line":77,"column":35}},"5":{"start":{"line":34,"column":8},"end":{"line":75,"column":9}},"6":{"start":{"line":35,"column":12},"end":{"line":35,"column":43}},"7":{"start":{"line":38,"column":27},"end":{"line":41,"column":14}},"8":{"start":{"line":43,"column":12},"end":{"line":45,"column":15}},"9":{"start":{"line":47,"column":12},"end":{"line":47,"column":50}},"10":{"start":{"line":49,"column":12},"end":{"line":52,"column":15}},"11":{"start":{"line":54,"column":12},"end":{"line":54,"column":39}},"12":{"start":{"line":58,"column":12},"end":{"line":66,"column":13}},"13":{"start":{"line":60,"column":28},"end":{"line":60,"column":54}},"14":{"start":{"line":62,"column":16},"end":{"line":62,"column":35}},"15":{"start":{"line":63,"column":16},"end":{"line":63,"column":48}},"16":{"start":{"line":65,"column":16},"end":{"line":65,"column":23}},"17":{"start":{"line":69,"column":12},"end":{"line":73,"column":15}},"18":{"start":{"line":80,"column":4},"end":{"line":109,"column":5}}},"fnMap":{"0":{"name":"SingIn","decl":{"start":{"line":24,"column":9},"end":{"line":24,"column":15}},"loc":{"start":{"line":24,"column":18},"end":{"line":110,"column":1}},"line":24},"1":{"name":"(anonymous_1)","decl":{"start":{"line":33,"column":37},"end":{"line":33,"column":38}},"loc":{"start":{"line":33,"column":69},"end":{"line":77,"column":5}},"line":33}},"branchMap":{"0":{"loc":{"start":{"line":58,"column":12},"end":{"line":66,"column":13}},"type":"if","locations":[{"start":{"line":58,"column":12},"end":{"line":66,"column":13}},{"start":{"line":58,"column":12},"end":{"line":66,"column":13}}],"line":58}},"s":{"0":2,"1":2,"2":2,"3":2,"4":2,"5":0,"6":0,"7":0,"8":0,"9":0,"10":0,"11":0,"12":0,"13":0,"14":0,"15":0,"16":0,"17":0,"18":2},"f":{"0":2,"1":0},"b":{"0":[0,0]},"_coverageSchema":"43e27e138ebf9cfc5966b082cf9a028302ed4184","hash":"f81ef93e4342485f0a65a4d73bdcaf9e6aee2def"}
,"/home/liz/RocketSeat/GoBarber/frontend/src/pages/SingUp/index.tsx": {"path":"/home/liz/RocketSeat/GoBarber/frontend/src/pages/SingUp/index.tsx","statementMap":{"0":{"start":{"line":28,"column":20},"end":{"line":28,"column":45}},"1":{"start":{"line":30,"column":25},"end":{"line":30,"column":35}},"2":{"start":{"line":32,"column":20},"end":{"line":32,"column":32}},"3":{"start":{"line":34,"column":25},"end":{"line":79,"column":27}},"4":{"start":{"line":35,"column":8},"end":{"line":77,"column":9}},"5":{"start":{"line":36,"column":12},"end":{"line":36,"column":43}},"6":{"start":{"line":39,"column":27},"end":{"line":43,"column":14}},"7":{"start":{"line":45,"column":12},"end":{"line":47,"column":15}},"8":{"start":{"line":49,"column":12},"end":{"line":49,"column":43}},"9":{"start":{"line":51,"column":12},"end":{"line":55,"column":15}},"10":{"start":{"line":57,"column":12},"end":{"line":57,"column":30}},"11":{"start":{"line":61,"column":12},"end":{"line":69,"column":13}},"12":{"start":{"line":63,"column":28},"end":{"line":63,"column":54}},"13":{"start":{"line":65,"column":16},"end":{"line":65,"column":35}},"14":{"start":{"line":66,"column":16},"end":{"line":66,"column":48}},"15":{"start":{"line":68,"column":16},"end":{"line":68,"column":23}},"16":{"start":{"line":72,"column":12},"end":{"line":76,"column":15}},"17":{"start":{"line":81,"column":4},"end":{"line":117,"column":5}}},"fnMap":{"0":{"name":"SingUp","decl":{"start":{"line":26,"column":9},"end":{"line":26,"column":15}},"loc":{"start":{"line":26,"column":18},"end":{"line":118,"column":1}},"line":26},"1":{"name":"(anonymous_1)","decl":{"start":{"line":34,"column":37},"end":{"line":34,"column":38}},"loc":{"start":{"line":34,"column":65},"end":{"line":79,"column":5}},"line":34}},"branchMap":{"0":{"loc":{"start":{"line":61,"column":12},"end":{"line":69,"column":13}},"type":"if","locations":[{"start":{"line":61,"column":12},"end":{"line":69,"column":13}},{"start":{"line":61,"column":12},"end":{"line":69,"column":13}}],"line":61}},"s":{"0":0,"1":0,"2":0,"3":0,"4":0,"5":0,"6":0,"7":0,"8":0,"9":0,"10":0,"11":0,"12":0,"13":0,"14":0,"15":0,"16":0,"17":0},"f":{"0":0,"1":0},"b":{"0":[0,0]},"hash":"fbb775b2b30c2e861eec6f26e89cd14ac7261b76"}
}
