TN:
SF:/home/liz/RocketSeat/GoBarber/frontend/src/components/Button/index.tsx
FN:8,(anonymous_0)
FNF:1
FNH:0
FNDA:0,(anonymous_0)
DA:8,1
DA:10,0
LF:2
LH:1
BRDA:11,0,0,0
BRDA:11,0,1,0
BRF:2
BRH:0
end_of_record
TN:
SF:/home/liz/RocketSeat/GoBarber/frontend/src/components/Input/index.tsx
FN:12,(anonymous_0)
FN:20,(anonymous_1)
FN:24,(anonymous_2)
FN:31,(anonymous_3)
FNF:4
FNH:0
FNDA:0,(anonymous_0)
FNDA:0,(anonymous_1)
FNDA:0,(anonymous_2)
FNDA:0,(anonymous_3)
DA:12,1
DA:13,0
DA:15,0
DA:16,0
DA:18,0
DA:20,0
DA:21,0
DA:24,0
DA:25,0
DA:27,0
DA:31,0
DA:32,0
DA:39,0
LF:13
LH:1
BRDA:41,0,0,0
BRDA:41,0,1,0
BRDA:48,1,0,0
BRDA:48,1,1,0
BRF:4
BRH:0
end_of_record
TN:
SF:/home/liz/RocketSeat/GoBarber/frontend/src/components/toastContainer/index.tsx
FN:12,(anonymous_0)
FN:16,(anonymous_1)
FN:28,(anonymous_2)
FNF:3
FNH:0
FNDA:0,(anonymous_0)
FNDA:0,(anonymous_1)
FNDA:0,(anonymous_2)
DA:12,1
DA:14,0
DA:16,0
DA:25,0
DA:30,0
LF:5
LH:1
BRF:0
BRH:0
end_of_record
TN:
SF:/home/liz/RocketSeat/GoBarber/frontend/src/components/toastContainer/Toast/index.tsx
FN:18,(anonymous_0)
FN:22,(anonymous_1)
FN:23,(anonymous_2)
FN:27,(anonymous_3)
FN:45,(anonymous_4)
FNF:5
FNH:0
FNDA:0,(anonymous_0)
FNDA:0,(anonymous_1)
FNDA:0,(anonymous_2)
FNDA:0,(anonymous_3)
FNDA:0,(anonymous_4)
DA:12,1
DA:18,1
DA:20,0
DA:22,0
DA:23,0
DA:24,0
DA:27,0
DA:28,0
DA:32,0
DA:45,0
LF:10
LH:2
BRDA:38,0,0,0
BRDA:38,0,1,0
BRDA:42,1,0,0
BRDA:42,1,1,0
BRF:4
BRH:0
end_of_record
TN:
SF:/home/liz/RocketSeat/GoBarber/frontend/src/pages/Dashboard/index.tsx
FN:44,(anonymous_0)
FN:53,(anonymous_1)
FN:61,(anonymous_2)
FN:65,(anonymous_3)
FN:71,(anonymous_4)
FN:76,(anonymous_5)
FN:84,(anonymous_6)
FN:86,(anonymous_7)
FN:99,(anonymous_8)
FN:102,(anonymous_9)
FN:103,(anonymous_10)
FN:113,(anonymous_11)
FN:119,(anonymous_12)
FN:125,(anonymous_13)
FN:126,(anonymous_14)
FN:131,(anonymous_15)
FN:132,(anonymous_16)
FN:137,(anonymous_17)
FN:138,(anonymous_18)
FN:205,(anonymous_19)
FN:231,(anonymous_20)
FNF:21
FNH:0
FNDA:0,(anonymous_0)
FNDA:0,(anonymous_1)
FNDA:0,(anonymous_2)
FNDA:0,(anonymous_3)
FNDA:0,(anonymous_4)
FNDA:0,(anonymous_5)
FNDA:0,(anonymous_6)
FNDA:0,(anonymous_7)
FNDA:0,(anonymous_8)
FNDA:0,(anonymous_9)
FNDA:0,(anonymous_10)
FNDA:0,(anonymous_11)
FNDA:0,(anonymous_12)
FNDA:0,(anonymous_13)
FNDA:0,(anonymous_14)
FNDA:0,(anonymous_15)
FNDA:0,(anonymous_16)
FNDA:0,(anonymous_17)
FNDA:0,(anonymous_18)
FNDA:0,(anonymous_19)
FNDA:0,(anonymous_20)
DA:44,0
DA:46,0
DA:47,0
DA:48,0
DA:49,0
DA:51,0
DA:53,0
DA:55,0
DA:56,0
DA:61,0
DA:62,0
DA:65,0
DA:66,0
DA:72,0
DA:76,0
DA:77,0
DA:86,0
DA:88,0
DA:93,0
DA:95,0
DA:99,0
DA:101,0
DA:102,0
DA:104,0
DA:105,0
DA:106,0
DA:109,0
DA:113,0
DA:114,0
DA:119,0
DA:120,0
DA:125,0
DA:126,0
DA:127,0
DA:131,0
DA:132,0
DA:133,0
DA:137,0
DA:138,0
DA:139,0
DA:144,0
DA:207,0
DA:233,0
LF:43
LH:0
BRDA:55,0,0,0
BRDA:55,0,1,0
BRDA:55,1,0,0
BRDA:55,1,1,0
BRDA:172,2,0,0
BRDA:172,2,1,0
BRDA:177,3,0,0
BRDA:177,3,1,0
BRDA:177,3,2,0
BRDA:201,4,0,0
BRDA:201,4,1,0
BRDA:227,5,0,0
BRDA:227,5,1,0
BRF:13
BRH:0
end_of_record
TN:
SF:/home/liz/RocketSeat/GoBarber/frontend/src/pages/ForgotPassword/index.tsx
FN:25,ForgotPassword
FN:35,(anonymous_1)
FNF:2
FNH:0
FNDA:0,ForgotPassword
FNDA:0,(anonymous_1)
DA:27,0
DA:29,0
DA:31,0
DA:35,0
DA:36,0
DA:38,0
DA:39,0
DA:42,0
DA:46,0
DA:51,0
DA:55,0
DA:65,0
DA:67,0
DA:69,0
DA:70,0
DA:72,0
DA:76,0
DA:83,0
DA:88,0
LF:19
LH:0
BRDA:65,0,0,0
BRDA:65,0,1,0
BRF:2
BRH:0
end_of_record
TN:
SF:/home/liz/RocketSeat/GoBarber/frontend/src/pages/Profile/index.tsx
FN:28,Profile
FN:37,(anonymous_1)
FN:47,(anonymous_2)
FN:52,(anonymous_3)
FN:112,(anonymous_4)
FN:119,(anonymous_5)
FNF:6
FNH:0
FNDA:0,Profile
FNDA:0,(anonymous_1)
FNDA:0,(anonymous_2)
FNDA:0,(anonymous_3)
FNDA:0,(anonymous_4)
FNDA:0,(anonymous_5)
DA:30,0
DA:31,0
DA:33,0
DA:35,0
DA:37,0
DA:38,0
DA:39,0
DA:42,0
DA:47,0
DA:52,0
DA:61,0
DA:65,0
DA:67,0
DA:77,0
DA:80,0
DA:82,0
DA:88,0
DA:92,0
DA:94,0
DA:96,0
DA:97,0
DA:99,0
DA:103,0
DA:112,0
DA:113,0
DA:115,0
DA:117,0
DA:119,0
DA:121,0
DA:123,0
DA:132,0
LF:31
LH:0
BRDA:70,0,0,0
BRDA:70,0,1,0
BRDA:92,1,0,0
BRDA:92,1,1,0
BRDA:113,2,0,0
BRDA:113,2,1,0
BRDA:152,3,0,0
BRDA:152,3,1,0
BRF:8
BRH:0
end_of_record
TN:
SF:/home/liz/RocketSeat/GoBarber/frontend/src/pages/ResetPassword/index.tsx
FN:24,ResetPassword
FN:32,(anonymous_1)
FNF:2
FNH:0
FNDA:0,ResetPassword
FNDA:0,(anonymous_1)
DA:26,0
DA:28,0
DA:29,0
DA:30,0
DA:32,0
DA:33,0
DA:34,0
DA:37,0
DA:45,0
DA:49,0
DA:50,0
DA:52,0
DA:53,0
DA:59,0
DA:62,0
DA:69,0
DA:75,0
DA:79,0
DA:81,0
DA:83,0
DA:84,0
DA:86,0
DA:90,0
DA:101,0
LF:24
LH:0
BRDA:52,0,0,0
BRDA:52,0,1,0
BRDA:79,1,0,0
BRDA:79,1,1,0
BRF:4
BRH:0
end_of_record
TN:
SF:/home/liz/RocketSeat/GoBarber/frontend/src/pages/SingIn/index.tsx
FN:24,SingIn
FN:33,(anonymous_1)
FNF:2
FNH:1
FNDA:2,SingIn
FNDA:0,(anonymous_1)
DA:26,2
DA:28,2
DA:29,2
DA:30,2
DA:33,2
DA:34,0
DA:35,0
DA:38,0
DA:43,0
DA:47,0
DA:49,0
DA:54,0
DA:58,0
DA:60,0
DA:62,0
DA:63,0
DA:65,0
DA:69,0
DA:80,2
LF:19
LH:6
BRDA:58,0,0,0
BRDA:58,0,1,0
BRF:2
BRH:0
end_of_record
TN:
SF:/home/liz/RocketSeat/GoBarber/frontend/src/pages/SingUp/index.tsx
FN:26,SingUp
FN:34,(anonymous_1)
FNF:2
FNH:0
FNDA:0,SingUp
FNDA:0,(anonymous_1)
DA:28,0
DA:30,0
DA:32,0
DA:34,0
DA:35,0
DA:36,0
DA:39,0
DA:45,0
DA:49,0
DA:51,0
DA:57,0
DA:61,0
DA:63,0
DA:65,0
DA:66,0
DA:68,0
DA:72,0
DA:81,0
LF:18
LH:0
BRDA:61,0,0,0
BRDA:61,0,1,0
BRF:2
BRH:0
end_of_record
